<?xml version="1.0" encoding="UTF-8"?>
<testng-results skipped="0" failed="0" ignored="0" total="1" passed="1">
  <reporter-output>
  </reporter-output>
  <suite name="Default suite" duration-ms="35963" started-at="2022-12-13T14:25:39Z" finished-at="2022-12-13T14:26:15Z">
    <groups>
    </groups>
    <test name="Default test" duration-ms="35963" started-at="2022-12-13T14:25:39Z" finished-at="2022-12-13T14:26:15Z">
      <class name="com.inetbanking.testCases.TC_AddCustomerTest">
        <test-method status="PASS" signature="beforeSuite()[pri:0, instance:com.inetbanking.testCases.TC_AddCustomerTest@1700915]" name="beforeSuite" is-config="true" duration-ms="179" started-at="2022-12-13T14:25:38Z" finished-at="2022-12-13T14:25:39Z">
          <reporter-output>
          </reporter-output>
        </test-method> <!-- beforeSuite -->
        <test-method status="PASS" signature="beforeTest()[pri:0, instance:com.inetbanking.testCases.TC_AddCustomerTest@1700915]" name="beforeTest" is-config="true" duration-ms="8" started-at="2022-12-13T14:25:39Z" finished-at="2022-12-13T14:25:39Z">
          <reporter-output>
          </reporter-output>
        </test-method> <!-- beforeTest -->
        <test-method status="PASS" signature="setup()[pri:0, instance:com.inetbanking.testCases.TC_AddCustomerTest@1700915]" name="setup" is-config="true" duration-ms="7125" started-at="2022-12-13T14:25:39Z" finished-at="2022-12-13T14:25:46Z">
          <reporter-output>
          </reporter-output>
        </test-method> <!-- setup -->
        <test-method status="PASS" signature="addNewCustomer()[pri:0, instance:com.inetbanking.testCases.TC_AddCustomerTest@1700915]" name="addNewCustomer" duration-ms="27338" started-at="2022-12-13T14:25:46Z" finished-at="2022-12-13T14:26:13Z">
          <reporter-output>
          </reporter-output>
        </test-method> <!-- addNewCustomer -->
        <test-method status="PASS" signature="tearDown()[pri:0, instance:com.inetbanking.testCases.TC_AddCustomerTest@1700915]" name="tearDown" is-config="true" duration-ms="1036" started-at="2022-12-13T14:26:13Z" finished-at="2022-12-13T14:26:14Z">
          <reporter-output>
          </reporter-output>
        </test-method> <!-- tearDown -->
        <test-method status="PASS" signature="afterTest()[pri:0, instance:com.inetbanking.testCases.TC_AddCustomerTest@1700915]" name="afterTest" is-config="true" duration-ms="420" started-at="2022-12-13T14:26:14Z" finished-at="2022-12-13T14:26:15Z">
          <reporter-output>
          </reporter-output>
        </test-method> <!-- afterTest -->
      </class> <!-- com.inetbanking.testCases.TC_AddCustomerTest -->
    </test> <!-- Default test -->
  </suite> <!-- Default suite -->
</testng-results>
